DEBUG | 2017-05-07 16:37:33 | [main] persist.BookDAOJSON (BookDAOJSON.java:29) - Car Databse : C:\Users\szabolcs\workspace_javatech\libary\libary-console\resources\cars.json
DEBUG | 2017-05-07 16:46:17 | [main] persist.BookDAOJSON (BookDAOJSON.java:29) - Car Databse : C:\Users\szabolcs\workspace_javatech\libary\libary-console\resources\cars.json
DEBUG | 2017-05-07 16:48:43 | [main] persist.BookDAOJSON (BookDAOJSON.java:29) - Libary Databse : C:\Users\szabolcs\workspace_javatech\libary\libary-console\resources\books.json
DEBUG | 2017-05-07 16:49:26 | [main] persist.BookDAOJSON (BookDAOJSON.java:29) - Libary Databse : C:\Users\szabolcs\workspace_javatech\libary\libary-console\resources\books.json
DEBUG | 2017-05-07 16:52:17 | [main] persist.BookDAOJSON (BookDAOJSON.java:29) - Libary Databse : C:\Users\szabolcs\workspace_javatech\libary\libary-console\resources\books.json
DEBUG | 2017-05-07 16:53:47 | [main] persist.BookDAOJSON (BookDAOJSON.java:29) - Libary Databse : C:\Users\szabolcs\workspace_javatech\libary\libary-console\resources\books.json
DEBUG | 2017-05-07 17:01:54 | [main] persist.BookDAOJSON (BookDAOJSON.java:29) - Libary Databse : C:\Users\szabolcs\workspace_javatech\libary\libary-console\resources\books.json
DEBUG | 2017-05-07 17:02:40 | [main] persist.BookDAOJSON (BookDAOJSON.java:29) - Libary Databse : C:\Users\szabolcs\workspace_javatech\libary\libary-console\resources\books.json
DEBUG | 2017-05-07 17:04:26 | [main] persist.BookDAOJSON (BookDAOJSON.java:29) - Libary Databse : C:\Users\szabolcs\workspace_javatech\libary\libary-console\resources\books.json
DEBUG | 2017-05-07 17:05:20 | [main] persist.BookDAOJSON (BookDAOJSON.java:29) - Libary Databse : C:\Users\szabolcs\workspace_javatech\libary\libary-console\resources\books.json
DEBUG | 2017-05-07 17:06:03 | [main] persist.BookDAOJSON (BookDAOJSON.java:29) - Libary Databse : C:\Users\szabolcs\workspace_javatech\libary\libary-console\resources\books.json
DEBUG | 2017-05-07 17:07:36 | [main] persist.BookDAOJSON (BookDAOJSON.java:29) - Libary Databse : C:\Users\szabolcs\workspace_javatech\libary\libary-console\resources\books.json
DEBUG | 2017-05-07 17:07:52 | [main] persist.BookDAOJSON (BookDAOJSON.java:29) - Libary Databse : C:\Users\szabolcs\workspace_javatech\libary\libary-console\resources\books.json
DEBUG | 2017-05-07 17:08:58 | [main] persist.BookDAOJSON (BookDAOJSON.java:29) - Libary Databse : C:\Users\szabolcs\workspace_javatech\libary\libary-console\resources\books.json
DEBUG | 2017-05-07 18:05:06 | [main] persist.BookDAOJSON (BookDAOJSON.java:29) - Libary Databse : C:\Users\szabolcs\workspace_javatech\libary\libary-console\resources\books.json
DEBUG | 2017-05-07 18:08:22 | [main] persist.BookDAOJSON (BookDAOJSON.java:29) - Libary Databse : C:\Users\szabolcs\workspace_javatech\libary\libary-console\resources\books.json
DEBUG | 2017-05-07 18:10:53 | [main] persist.BookDAOJSON (BookDAOJSON.java:29) - Libary Databse : C:\Users\szabolcs\workspace_javatech\libary\libary-console\resources\books.json
DEBUG | 2017-05-07 18:11:40 | [main] persist.BookDAOJSON (BookDAOJSON.java:29) - Libary Databse : C:\Users\szabolcs\workspace_javatech\libary\libary-console\resources\books.json
DEBUG | 2017-05-07 18:12:31 | [main] persist.BookDAOJSON (BookDAOJSON.java:29) - Libary Databse : C:\Users\szabolcs\workspace_javatech\libary\libary-console\resources\books.json
DEBUG | 2017-05-07 18:13:12 | [main] persist.BookDAOJSON (BookDAOJSON.java:29) - Libary Databse : C:\Users\szabolcs\workspace_javatech\libary\libary-console\resources\books.json
DEBUG | 2017-05-07 18:14:21 | [main] persist.BookDAOJSON (BookDAOJSON.java:29) - Libary Databse : C:\Users\szabolcs\workspace_javatech\libary\libary-console\resources\books.json
DEBUG | 2017-05-07 18:14:41 | [main] persist.BookDAOJSON (BookDAOJSON.java:29) - Libary Databse : C:\Users\szabolcs\workspace_javatech\libary\libary-console\resources\books.json
DEBUG | 2017-05-07 18:15:46 | [main] persist.BookDAOJSON (BookDAOJSON.java:29) - Libary Databse : C:\Users\szabolcs\workspace_javatech\libary\libary-console\resources\books.json
DEBUG | 2017-05-07 18:16:36 | [main] persist.BookDAOJSON (BookDAOJSON.java:29) - Libary Databse : C:\Users\szabolcs\workspace_javatech\libary\libary-console\resources\books.json
DEBUG | 2017-05-07 18:17:34 | [main] persist.BookDAOJSON (BookDAOJSON.java:29) - Libary Databse : C:\Users\szabolcs\workspace_javatech\libary\libary-console\resources\books.json
DEBUG | 2017-05-07 18:18:40 | [main] persist.BookDAOJSON (BookDAOJSON.java:29) - Libary Databse : C:\Users\szabolcs\workspace_javatech\libary\libary-console\resources\books.json
DEBUG | 2017-05-07 18:19:21 | [main] persist.BookDAOJSON (BookDAOJSON.java:29) - Libary Databse : C:\Users\szabolcs\workspace_javatech\libary\libary-console\resources\books.json
DEBUG | 2017-05-07 18:20:37 | [main] persist.BookDAOJSON (BookDAOJSON.java:29) - Libary Databse : C:\Users\szabolcs\workspace_javatech\libary\libary-console\resources\books.json
DEBUG | 2017-05-07 18:21:39 | [main] persist.BookDAOJSON (BookDAOJSON.java:29) - Libary Databse : C:\Users\szabolcs\workspace_javatech\libary\libary-console\resources\books.json
DEBUG | 2017-05-07 18:21:52 | [main] persist.BookDAOJSON (BookDAOJSON.java:29) - Libary Databse : C:\Users\szabolcs\workspace_javatech\libary\libary-console\resources\books.json
DEBUG | 2017-05-07 18:22:20 | [main] persist.BookDAOJSON (BookDAOJSON.java:29) - Libary Databse : C:\Users\szabolcs\workspace_javatech\libary\libary-console\resources\books.json
DEBUG | 2017-05-07 18:22:39 | [main] persist.BookDAOJSON (BookDAOJSON.java:29) - Libary Databse : C:\Users\szabolcs\workspace_javatech\libary\libary-console\resources\books.json
DEBUG | 2017-05-07 18:23:02 | [main] persist.BookDAOJSON (BookDAOJSON.java:29) - Libary Databse : C:\Users\szabolcs\workspace_javatech\libary\libary-console\resources\books.json
DEBUG | 2017-05-07 18:23:27 | [main] persist.BookDAOJSON (BookDAOJSON.java:29) - Libary Databse : C:\Users\szabolcs\workspace_javatech\libary\libary-console\resources\books.json
DEBUG | 2017-05-07 18:23:49 | [main] persist.BookDAOJSON (BookDAOJSON.java:29) - Libary Databse : C:\Users\szabolcs\workspace_javatech\libary\libary-console\resources\books.json
DEBUG | 2017-05-07 18:24:10 | [main] persist.BookDAOJSON (BookDAOJSON.java:29) - Libary Databse : C:\Users\szabolcs\workspace_javatech\libary\libary-console\resources\books.json
DEBUG | 2017-05-07 18:40:54 | [main] persist.BookDAOJSON (BookDAOJSON.java:29) - Libary Databse : C:\Users\szabolcs\workspace_javatech\libary\libary-console\resources\books.json
DEBUG | 2017-05-07 19:04:13 | [main] persist.BookDAOJSON (BookDAOJSON.java:29) - Libary Databse : C:\Users\szabolcs\workspace_javatech\libary\libary-console\resources\books.json
DEBUG | 2017-05-07 19:26:26 | [main] persist.BookDAOJSON (BookDAOJSON.java:29) - Libary Databse : C:\Users\szabolcs\workspace_javatech\libary\libary-console\resources\books.json
DEBUG | 2017-05-07 19:34:02 | [main] persist.BookDAOJSON (BookDAOJSON.java:29) - Libary Databse : C:\Users\szabolcs\workspace_javatech\libary\libary-console\resources\books.json
DEBUG | 2017-05-07 19:35:13 | [main] persist.BookDAOJSON (BookDAOJSON.java:29) - Libary Databse : C:\Users\szabolcs\workspace_javatech\libary\libary-console\resources\books.json
DEBUG | 2017-05-07 19:42:37 | [main] persist.BookDAOJSON (BookDAOJSON.java:29) - Libary Databse : C:\Users\szabolcs\workspace_javatech\libary\libary-console\resources\books.json
DEBUG | 2017-05-07 19:53:50 | [main] persist.BookDAOJSON (BookDAOJSON.java:29) - Libary Databse : C:\Users\szabolcs\workspace_javatech\libary\libary-console\resources\books.json
DEBUG | 2017-05-07 19:54:55 | [main] persist.BookDAOJSON (BookDAOJSON.java:29) - Libary Databse : C:\Users\szabolcs\workspace_javatech\libary\libary-console\resources\books.json
DEBUG | 2017-05-07 20:08:53 | [main] persist.BookDAOJSON (BookDAOJSON.java:29) - Libary Databse : C:\Users\szabolcs\workspace_javatech\libary\libary-console\resources\books.json
DEBUG | 2017-05-07 20:09:18 | [main] persist.BookDAOJSON (BookDAOJSON.java:29) - Libary Databse : C:\Users\szabolcs\workspace_javatech\libary\libary-console\resources\books.json
DEBUG | 2017-05-07 20:12:14 | [main] persist.BookDAOJSON (BookDAOJSON.java:29) - Libary Databse : C:\Users\szabolcs\workspace_javatech\libary\libary-console\resources\books.json
DEBUG | 2017-05-07 20:13:32 | [main] persist.BookDAOJSON (BookDAOJSON.java:29) - Libary Databse : C:\Users\szabolcs\workspace_javatech\libary\libary-console\resources\books.json
DEBUG | 2017-05-07 20:13:59 | [main] persist.BookDAOJSON (BookDAOJSON.java:29) - Libary Databse : C:\Users\szabolcs\workspace_javatech\libary\libary-console\resources\books.json
DEBUG | 2017-05-07 20:15:02 | [main] persist.BookDAOJSON (BookDAOJSON.java:29) - Libary Databse : C:\Users\szabolcs\workspace_javatech\libary\libary-console\resources\books.json
DEBUG | 2017-05-07 20:21:15 | [main] persist.BookDAOJSON (BookDAOJSON.java:29) - Libary Databse : C:\Users\szabolcs\workspace_javatech\libary\libary-console\resources\books.json
DEBUG | 2017-05-07 20:24:26 | [main] persist.BookDAOJSON (BookDAOJSON.java:29) - Libary Databse : C:\Users\szabolcs\workspace_javatech\libary\libary-console\resources\books.json
DEBUG | 2017-05-07 20:25:16 | [main] persist.BookDAOJSON (BookDAOJSON.java:29) - Libary Databse : C:\Users\szabolcs\workspace_javatech\libary\libary-console\resources\books.json
DEBUG | 2017-05-07 20:25:43 | [main] persist.BookDAOJSON (BookDAOJSON.java:29) - Libary Databse : C:\Users\szabolcs\workspace_javatech\libary\libary-console\resources\books.json
DEBUG | 2017-05-07 20:26:10 | [main] persist.BookDAOJSON (BookDAOJSON.java:29) - Libary Databse : C:\Users\szabolcs\workspace_javatech\libary\libary-console\resources\books.json
DEBUG | 2017-05-07 20:26:44 | [main] persist.BookDAOJSON (BookDAOJSON.java:29) - Libary Databse : C:\Users\szabolcs\workspace_javatech\libary\libary-console\resources\books.json
DEBUG | 2017-05-07 20:28:03 | [main] persist.BookDAOJSON (BookDAOJSON.java:29) - Libary Databse : C:\Users\szabolcs\workspace_javatech\libary\libary-console\resources\books.json
DEBUG | 2017-05-07 20:28:19 | [main] persist.BookDAOJSON (BookDAOJSON.java:29) - Libary Databse : C:\Users\szabolcs\workspace_javatech\libary\libary-console\resources\books.json
DEBUG | 2017-05-07 20:29:13 | [main] persist.BookDAOJSON (BookDAOJSON.java:29) - Libary Databse : C:\Users\szabolcs\workspace_javatech\libary\libary-console\resources\books.json
DEBUG | 2017-05-07 20:29:26 | [main] persist.BookDAOJSON (BookDAOJSON.java:29) - Libary Databse : C:\Users\szabolcs\workspace_javatech\libary\libary-console\resources\books.json
DEBUG | 2017-05-07 20:30:16 | [main] persist.BookDAOJSON (BookDAOJSON.java:29) - Libary Databse : C:\Users\szabolcs\workspace_javatech\libary\libary-console\resources\books.json
DEBUG | 2017-05-07 20:30:28 | [main] persist.BookDAOJSON (BookDAOJSON.java:29) - Libary Databse : C:\Users\szabolcs\workspace_javatech\libary\libary-console\resources\books.json
DEBUG | 2017-05-07 20:30:46 | [main] persist.BookDAOJSON (BookDAOJSON.java:29) - Libary Databse : C:\Users\szabolcs\workspace_javatech\libary\libary-console\resources\books.json
DEBUG | 2017-05-07 20:31:14 | [main] persist.BookDAOJSON (BookDAOJSON.java:29) - Libary Databse : C:\Users\szabolcs\workspace_javatech\libary\libary-console\resources\books.json
DEBUG | 2017-05-07 20:31:36 | [main] persist.BookDAOJSON (BookDAOJSON.java:29) - Libary Databse : C:\Users\szabolcs\workspace_javatech\libary\libary-console\resources\books.json
DEBUG | 2017-05-07 20:31:52 | [main] persist.BookDAOJSON (BookDAOJSON.java:29) - Libary Databse : C:\Users\szabolcs\workspace_javatech\libary\libary-console\resources\books.json
DEBUG | 2017-05-07 20:32:33 | [main] persist.BookDAOJSON (BookDAOJSON.java:29) - Libary Databse : C:\Users\szabolcs\workspace_javatech\libary\libary-console\resources\books.json
DEBUG | 2017-05-07 20:32:47 | [main] persist.BookDAOJSON (BookDAOJSON.java:29) - Libary Databse : C:\Users\szabolcs\workspace_javatech\libary\libary-console\resources\books.json
DEBUG | 2017-05-07 20:32:58 | [main] persist.BookDAOJSON (BookDAOJSON.java:29) - Libary Databse : C:\Users\szabolcs\workspace_javatech\libary\libary-console\resources\books.json
DEBUG | 2017-05-07 20:33:49 | [main] persist.BookDAOJSON (BookDAOJSON.java:29) - Libary Databse : C:\Users\szabolcs\workspace_javatech\libary\libary-console\resources\books.json
DEBUG | 2017-05-07 20:34:19 | [main] persist.BookDAOJSON (BookDAOJSON.java:29) - Libary Databse : C:\Users\szabolcs\workspace_javatech\libary\libary-console\resources\books.json
DEBUG | 2017-05-07 20:34:39 | [main] persist.BookDAOJSON (BookDAOJSON.java:29) - Libary Databse : C:\Users\szabolcs\workspace_javatech\libary\libary-console\resources\books.json
DEBUG | 2017-05-07 20:35:00 | [main] persist.BookDAOJSON (BookDAOJSON.java:29) - Libary Databse : C:\Users\szabolcs\workspace_javatech\libary\libary-console\resources\books.json
DEBUG | 2017-05-07 20:35:15 | [main] persist.BookDAOJSON (BookDAOJSON.java:29) - Libary Databse : C:\Users\szabolcs\workspace_javatech\libary\libary-console\resources\books.json
DEBUG | 2017-05-07 20:35:28 | [main] persist.BookDAOJSON (BookDAOJSON.java:29) - Libary Databse : C:\Users\szabolcs\workspace_javatech\libary\libary-console\resources\books.json
DEBUG | 2017-05-07 20:36:00 | [main] persist.BookDAOJSON (BookDAOJSON.java:29) - Libary Databse : C:\Users\szabolcs\workspace_javatech\libary\libary-console\resources\books.json
DEBUG | 2017-05-07 20:36:12 | [main] persist.BookDAOJSON (BookDAOJSON.java:29) - Libary Databse : C:\Users\szabolcs\workspace_javatech\libary\libary-console\resources\books.json
DEBUG | 2017-05-07 20:36:44 | [main] persist.BookDAOJSON (BookDAOJSON.java:29) - Libary Databse : C:\Users\szabolcs\workspace_javatech\libary\libary-console\resources\books.json
DEBUG | 2017-05-07 20:48:33 | [main] persist.BookDAOJSON (BookDAOJSON.java:29) - Libary Databse : C:\Users\szabolcs\workspace_javatech\libary\libary-console\resources\books.json
DEBUG | 2017-05-13 16:21:08 | [main] persist.BookDAOJSON (BookDAOJSON.java:29) - Libary Databse : C:\Users\szabolcs\workspace_javatech\libary\libary-console\resources\books.json
DEBUG | 2017-05-13 16:34:36 | [main] persist.BookDAOJSON (BookDAOJSON.java:29) - Libary Databse : C:\Users\szabolcs\workspace_javatech\libary\libary-console\resources\books.json
DEBUG | 2017-05-13 16:36:56 | [main] persist.BookDAOJSON (BookDAOJSON.java:29) - Libary Databse : C:\Users\szabolcs\workspace_javatech\libary\libary-console\resources\books.json
DEBUG | 2017-05-13 16:37:09 | [main] persist.BookDAOJSON (BookDAOJSON.java:29) - Libary Databse : C:\Users\szabolcs\workspace_javatech\libary\libary-console\resources\books.json
DEBUG | 2017-05-13 16:37:44 | [main] persist.BookDAOJSON (BookDAOJSON.java:29) - Libary Databse : C:\Users\szabolcs\workspace_javatech\libary\libary-console\resources\books.json
DEBUG | 2017-05-13 16:37:44 | [main] persist.BookDAOJSON (BookDAOJSON.java:29) - Libary Databse : C:\Users\szabolcs\workspace_javatech\libary\libary-console\resources\books.json
DEBUG | 2017-05-13 16:38:41 | [main] persist.BookDAOJSON (BookDAOJSON.java:29) - Libary Databse : C:\Users\szabolcs\workspace_javatech\libary\libary-console\resources\books.json
DEBUG | 2017-05-13 16:38:58 | [main] persist.BookDAOJSON (BookDAOJSON.java:29) - Libary Databse : C:\Users\szabolcs\workspace_javatech\libary\libary-console\resources\books.json
DEBUG | 2017-05-13 16:47:11 | [main] persist.BookDAOJSON (BookDAOJSON.java:29) - Libary Databse : C:\Users\szabolcs\workspace_javatech\libary\libary-console\resources\books.json
DEBUG | 2017-05-13 16:49:45 | [main] persist.BookDAOJSON (BookDAOJSON.java:29) - Libary Databse : C:\Users\szabolcs\workspace_javatech\libary\libary-console\resources\books.json
DEBUG | 2017-05-13 16:51:56 | [main] persist.BookDAOJSON (BookDAOJSON.java:29) - Libary Databse : C:\Users\szabolcs\workspace_javatech\libary\libary-console\resources\books.json
DEBUG | 2017-05-13 17:01:38 | [main] persist.BookDAOJSON (BookDAOJSON.java:29) - Libary Databse : C:\Users\szabolcs\workspace_javatech\libary\libary-console\resources\books.json
DEBUG | 2017-05-13 17:02:55 | [main] persist.BookDAOJSON (BookDAOJSON.java:29) - Libary Databse : C:\Users\szabolcs\workspace_javatech\libary\libary-console\resources\books.json
DEBUG | 2017-05-13 17:03:19 | [main] persist.BookDAOJSON (BookDAOJSON.java:29) - Libary Databse : C:\Users\szabolcs\workspace_javatech\libary\libary-console\resources\books.json
DEBUG | 2017-05-14 10:16:58 | [main] persist.BookDAOJSON (BookDAOJSON.java:29) - Libary Databse : C:\Users\szabolcs\workspace_javatech\libary\libary-console\resources\books.json
DEBUG | 2017-05-14 10:18:09 | [main] persist.BookDAOJSON (BookDAOJSON.java:29) - Libary Databse : C:\Users\szabolcs\workspace_javatech\libary\libary-console\resources\books.json
DEBUG | 2017-05-14 10:18:38 | [main] persist.BookDAOJSON (BookDAOJSON.java:29) - Libary Databse : C:\Users\szabolcs\workspace_javatech\libary\libary-console\resources\books.json
DEBUG | 2017-05-14 10:19:59 | [main] persist.BookDAOJSON (BookDAOJSON.java:29) - Libary Databse : C:\Users\szabolcs\workspace_javatech\libary\libary-console\resources\books.json
DEBUG | 2017-05-14 10:21:33 | [main] persist.BookDAOJSON (BookDAOJSON.java:29) - Libary Databse : C:\Users\szabolcs\workspace_javatech\libary\libary-console\resources\books.json
DEBUG | 2017-05-14 10:22:09 | [main] persist.BookDAOJSON (BookDAOJSON.java:29) - Libary Databse : C:\Users\szabolcs\workspace_javatech\libary\libary-console\resources\books.json
DEBUG | 2017-05-14 10:32:19 | [main] persist.BookDAOJSON (BookDAOJSON.java:29) - Libary Databse : C:\Users\szabolcs\workspace_javatech\libary\libary-console\resources\books.json
DEBUG | 2017-05-14 10:47:10 | [main] persist.BookDAOJSON (BookDAOJSON.java:29) - Libary Databse : C:\Users\szabolcs\workspace_javatech\libary\libary-console\resources\books.json
DEBUG | 2017-05-14 10:47:10 | [main] persist.BookDAOJSON (BookDAOJSON.java:29) - Libary Databse : C:\Users\szabolcs\workspace_javatech\libary\libary-console\resources\books.json
DEBUG | 2017-05-14 10:52:36 | [main] persist.BookDAOJSON (BookDAOJSON.java:29) - Libary Databse : C:\Users\szabolcs\workspace_javatech\libary\libary-console\resources\books.json
DEBUG | 2017-05-14 10:53:40 | [main] persist.BookDAOJSON (BookDAOJSON.java:29) - Libary Databse : C:\Users\szabolcs\workspace_javatech\libary\libary-console\resources\books.json
DEBUG | 2017-05-14 10:54:18 | [main] persist.BookDAOJSON (BookDAOJSON.java:29) - Libary Databse : C:\Users\szabolcs\workspace_javatech\libary\libary-console\resources\books.json
DEBUG | 2017-05-14 11:23:51 | [main] persist.BookDAOJSON (BookDAOJSON.java:26) - Libary Databse : C:\Users\szabolcs\workspace_javatech\libary\libary-console\resources\books.json
INFO  | 2017-05-14 11:24:43 | [main] persist.BookDAOJSON (BookDAOJSON.java:45) - Book (34) has been added!
DEBUG | 2017-05-14 11:31:06 | [main] persist.BookDAOJSON (BookDAOJSON.java:26) - Libary Databse : C:\Users\szabolcs\workspace_javatech\libary\libary-console\resources\books.json
DEBUG | 2017-05-14 11:34:57 | [main] persist.BookDAOJSON (BookDAOJSON.java:26) - Libary Databse : C:\Users\szabolcs\workspace_javatech\libary\libary-console\resources\books.json
DEBUG | 2017-05-14 12:59:54 | [main] persist.BookDAOJSON (BookDAOJSON.java:26) - Libary Databse : C:\Users\szabolcs\workspace_javatech\libary\libary-console\resources\books.json
INFO  | 2017-05-14 13:00:02 | [main] console.App (App.java:157) - DateFormat pass (Sun May 14 13:00:02 CEST 2017)
DEBUG | 2017-05-14 13:03:43 | [main] persist.BookDAOJSON (BookDAOJSON.java:26) - Libary Databse : C:\Users\szabolcs\workspace_javatech\libary\libary-console\resources\books.json
DEBUG | 2017-05-28 13:29:14 | [main] persist.BookDAOJSON (BookDAOJSON.java:26) - Libary Databse : C:\Users\szabolcs\workspace_javatech\libary\libary-console\resources\books.json
WARN  | 2017-05-28 13:29:18 | [main] console.App (App.java:73) - User error (bad command)
INFO  | 2017-05-28 13:29:35 | [main] console.App (App.java:87) - Books listed
INFO  | 2017-05-28 13:29:35 | [main] console.App (App.java:87) - Books listed
INFO  | 2017-05-28 13:29:35 | [main] console.App (App.java:87) - Books listed
INFO  | 2017-05-28 13:29:35 | [main] console.App (App.java:87) - Books listed
INFO  | 2017-05-28 13:29:44 | [main] console.App (App.java:133) - Cards listed
INFO  | 2017-05-28 13:30:48 | [main] console.App (App.java:133) - Cards listed
INFO  | 2017-05-28 13:31:18 | [main] persist.BookDAOJSON (BookDAOJSON.java:45) - Book (323) has been added!
WARN  | 2017-05-28 13:31:19 | [main] console.App (App.java:73) - User error (bad command)
WARN  | 2017-05-28 13:31:26 | [main] console.App (App.java:73) - User error (bad command)
INFO  | 2017-05-28 13:31:32 | [main] console.App (App.java:87) - Books listed
INFO  | 2017-05-28 13:31:32 | [main] console.App (App.java:87) - Books listed
INFO  | 2017-05-28 13:31:32 | [main] console.App (App.java:87) - Books listed
INFO  | 2017-05-28 13:31:32 | [main] console.App (App.java:87) - Books listed
INFO  | 2017-05-28 13:31:32 | [main] console.App (App.java:87) - Books listed
